<?xml version="1.0" encoding="UTF-8"?>
<!-- Generated by org.testng.reporters.JUnitReportReporter -->
<testsuite hostname="DESKTOP-FKCT72J" failures="0" tests="2" name="testsuit.TestCase2" time="0.008" errors="0" timestamp="10 Apr 2021 15:16:42 GMT">
  <testcase classname="testsuit.TestCase2" name="test3" time="0.006"/>
  <testcase classname="testsuit.TestCase2" name="test4" time="0.002"/>
</testsuite>
