<?xml version="1.0" encoding="UTF-8"?>
<!-- Generated by org.testng.reporters.JUnitReportReporter -->
<testsuite hostname="DESKTOP-FKCT72J" failures="0" tests="1" name="testsuit.LoginTest" time="30.464" errors="0" timestamp="2021-04-11T19:19:44 IST" skipped="0">
  <testcase classname="testsuit.LoginTest" name="login" time="30.464"/>
  <system-out/>
</testsuite> <!-- testsuit.LoginTest -->
