<?xml version="1.0" encoding="UTF-8"?>
<!-- Generated by org.testng.reporters.JUnitReportReporter -->
<testsuite hostname="DESKTOP-FKCT72J" failures="0" tests="1" name="testsuit.ApachePOI" time="19.833" errors="0" timestamp="2021-04-11T19:59:02 IST" skipped="0">
  <testcase classname="testsuit.ApachePOI" name="login" time="19.833"/>
  <system-out/>
</testsuite> <!-- testsuit.ApachePOI -->
