<?xml version="1.0" encoding="UTF-8"?>
<!-- Generated by org.testng.reporters.JUnitReportReporter -->
<testsuite hostname="DESKTOP-FKCT72J" failures="0" tests="1" name="testsuit.TestCase1" time="0.019" errors="0" timestamp="10 Apr 2021 15:17:00 GMT">
  <testcase classname="testsuit.TestCase1" name="test1" time="0.019"/>
</testsuite>
