<?xml version="1.0" encoding="UTF-8"?>
<!-- Generated by org.testng.reporters.JUnitReportReporter -->
<testsuite skipped="0" hostname="DESKTOP-FKCT72J" name="testsuit.LoginTest" tests="1" failures="0" timestamp="2021-04-12T23:08:47 IST" time="29.542" errors="0">
  <testcase name="login" time="29.542" classname="testsuit.LoginTest"/>
  <system-out/>
</testsuite> <!-- testsuit.LoginTest -->
